343,309,0.9624086
341,308,0.9673162
338,324,0.94323003
334,328,0.9572559
332,339,0.98657227
332,341,0.9868443
332,342,0.9828992
335,343,0.92472976
338,355,0.93527085
338,359,0.85059565
340,382,0.9545179
339,392,0.96524423
342,405,0.9307269
343,410,0.9365014
343,424,0.9516368
343,428,0.83557725
343,452,0.9764984
342,461,0.9778376
340,464,0.9553466
336,475,0.92340606
333,479,0.9449932
332,479,0.97872114
331,469,0.9854413
327,465,0.98241556
319,473,0.98547333
315,477,0.9863789
309,488,0.9818758
306,493,0.99337876
306,495,0.9913605
300,507,0.97502077
303,501,0.9766247
300,508,0.9794333
297,511,0.98834574
294,523,0.9894014
293,538,0.9832785
295,555,0.97647536
296,583,0.9796732
296,604,0.98337007
296,622,0.9904924
296,630,0.99426633
297,631,0.9946079
298,623,0.99401784
298,619,0.9926863
300,615,0.9812706
303,614,0.98019636
305,613,0.99237424
307,613,0.99472904
305,623,0.9896219
306,627,0.99265736
306,629,0.99264574
305,629,0.9810186
302,629,0.9785201
298,629,0.98769754
295,628,0.9773779
293,627,0.97079134
291,627,0.9788225
290,618,0.9888596
293,613,0.99660134
293,612,0.9965084
295,609,0.9895744
297,609,0.97572553
304,611,0.9724596
311,621,0.97293264
319,626,0.94910246
336,639,0.9922325
347,647,0.9954817
368,666,0.94670975
387,680,0.98187286
393,689,0.9443666
407,697,0.79681724
411,699,0.8412535
426,706,0.52897716
440,709,0.7667597
448,711,0.7592103
450,711,0.7378606
459,711,0.72137713
453,705,0.7363602
474,699,0.83020467
482,697,0.9746947
495,686,0.97616434
510,672,0.9956385
521,666,0.9964563
532,661,0.985003
534,658,0.9938984
544,655,0.9951738
546,651,0.9930229
540,649,0.9911682
537,649,0.9938343
535,649,0.9951172
533,649,0.99653023
529,651,0.99771315
527,653,0.9971428
526,654,0.99715775
528,655,0.9965437
530,655,0.9939715
530,655,0.9951516
530,657,0.9936805
530,660,0.9898362
528,662,0.98917747
523,663,0.98996407
517,663,0.9825549
511,661,0.9789148
503,662,0.9925641
496,661,0.99716455
485,661,0.9982425
479,660,0.99900323
467,659,0.99776137
460,658,0.9940005
442,647,0.95238173
430,637,0.99126405
416,630,0.9836106
391,620,0.99400324
379,613,0.98079604
367,607,0.9695466
360,605,0.9768105
354,605,0.9861083
345,606,0.97972745
342,605,0.98174614
340,610,0.9858119
340,615,0.9760305
339,620,0.9796833
331,622,0.9903579
329,625,0.99007064
335,626,0.9886713
338,626,0.99036294
342,626,0.9946091
344,625,0.99385
346,626,0.99653244
347,627,0.9889276
343,637,0.98745024
341,641,0.9785469
340,642,0.9864079
344,634,0.9834247
345,630,0.9910981
347,627,0.99564004
349,626,0.9851816
354,625,0.98711544
358,622,0.9845958
358,622,0.988234
360,619,0.9853403
362,613,0.98172873
364,603,0.9917709
363,595,0.9935664
371,586,0.9817173
365,571,0.9874669
364,564,0.9980585
371,559,0.99524117
372,548,0.9955895
373,541,0.9958794
370,530,0.99418044
368,524,0.9920426
372,521,0.99343216
369,521,0.99265724
366,520,0.9965417
364,520,0.9965603
362,521,0.9984339
360,521,0.9984487
357,523,0.99783784
352,523,0.9938992
348,525,0.9964736
349,534,0.9903178
349,541,0.9810681
349,552,0.97383904
349,547,0.99185646
348,544,0.98778427
344,532,0.99254376
341,517,0.9837006
340,500,0.9675233
338,483,0.9573727
338,476,0.9438318
335,452,0.9056919
334,443,0.849902
338,429,0.94219774
339,424,0.97853583
339,413,0.8387816
338,385,0.7754338
338,375,0.87934226
338,360,0.9693252
335,345,0.96654636
333,328,0.9911505
332,323,0.9848583
331,330,0.98830974
331,333,0.9926985
331,324,0.99488974
331,311,0.9917896
331,306,0.99429226
332,284,0.99642843
333,264,0.9875586
334,256,0.9857922
332,242,0.99050224
332,236,0.99269295
331,223,0.9918494
332,210,0.99363047
337,203,0.98924476
338,180,0.9844805
335,172,0.9932401
334,156,0.9796524
334,142,0.98734564
332,137,0.9956332
330,135,0.9982222
330,135,0.99771875
330,135,0.995752
328,135,0.9951493
326,135,0.99100524
325,136,0.9910206
325,136,0.9889153
327,124,0.9851768
325,131,0.98645663
329,123,0.9706854
326,130,0.98521113
329,136,0.98500687
328,145,0.9666616
339,143,0.99267477
348,137,0.994656
358,131,0.9796175
382,128,0.974549
392,127,0.98103774
413,125,0.981531
435,122,0.95130086
443,121,0.9710936
446,121,0.9745429
446,122,0.9768835
446,122,0.96964294
446,121,0.97932
447,121,0.98300165
446,122,0.9838302
436,124,0.96203834
431,124,0.9875545
442,126,0.97044194
455,133,0.95805126
471,137,0.9535501
487,140,0.9941494
506,146,0.99243855
517,153,0.99285954
541,164,0.9881555
558,168,0.93600035
578,172,0.9922581
605,177,0.97536343
617,179,0.9865898
630,179,0.981752
646,179,0.97025377
661,182,0.9772304
678,187,0.97096324
691,189,0.9951737
709,191,0.9627992
717,192,0.97647506
719,191,0.9700679
720,189,0.951583
711,182,0.9743909
708,178,0.9662407
714,177,0.96828395
717,176,0.98911786
718,175,0.98818463
721,172,0.98812324
721,170,0.98261714
720,169,0.9696926
708,164,0.95700675
703,162,0.9829929
696,153,0.97938085
696,148,0.9882351
698,143,0.9860856
710,139,0.98876876
726,126,0.9824914
745,111,0.9940215
760,104,0.9359372
778,102,0.97332036
786,101,0.9873152
798,95,0.96228266
803,94,0.9322077
817,98,0.98151314
826,103,0.98357534
831,104,0.98308045
851,103,0.99190575
861,102,0.9890041
879,105,0.99694973
884,109,0.993018
888,111,0.9839786
887,116,0.9916675
886,118,0.994286
885,120,0.99532795
885,120,0.99492896
885,119,0.9896449
886,121,0.97593135
888,123,0.96920943
896,132,0.9722019
900,138,0.9869686
903,140,0.9960156
911,142,0.992341
917,149,0.9931692
916,154,0.99570376
915,158,0.98865384
910,159,0.9930166
908,159,0.9954993
905,169,0.9981645
906,183,0.99380165
911,200,0.98767185
916,227,0.98829466
918,238,0.97236013
919,254,0.9921606
920,280,0.98775405
921,291,0.9913749
922,317,0.9631378
923,336,0.96555126
927,354,0.9640966
930,362,0.96245384
931,374,0.9949072
933,379,0.9946965
934,381,0.99644995
934,383,0.99212855
933,391,0.989116
932,394,0.9908034
930,395,0.9894664
924,406,0.977233
920,422,0.9952964
917,438,0.9962644
913,456,0.99706024
913,463,0.99406415
913,486,0.99675816
913,495,0.9964449
911,518,0.9930762
913,539,0.99401456
914,547,0.9949004
916,570,0.99152064
917,578,0.9781418
918,581,0.98309004
918,583,0.98135006
920,583,0.9798813
930,593,0.9821905
932,585,0.9758571
937,593,0.9696158
938,595,0.9736559
938,597,0.9816435
944,609,0.98438114
946,614,0.9805668
947,614,0.9862229
948,615,0.9928099
948,613,0.99346733
947,612,0.99153423
942,603,0.9944265
940,597,0.9962322
940,594,0.99502534
945,594,0.9944195
947,594,0.98956525
949,595,0.9914616
950,595,0.98109186
950,596,0.9679026
949,596,0.95543057
950,597,0.9526826
949,597,0.9820094
948,597,0.9924895
940,597,0.998259
936,597,0.9936497
936,605,0.99320316
935,610,0.99467033
934,620,0.9944115
931,624,0.99404055
930,618,0.9925924
919,622,0.9802037
899,629,0.972982
885,640,0.9792181
863,653,0.9827834
851,662,0.9525092
827,674,0.9742315
805,679,0.9789339
776,681,0.9775487
754,683,0.96397203
732,683,0.9781304
705,683,0.964872
692,681,0.9761101
669,682,0.96254665
649,682,0.9674754
628,681,0.9730763
603,678,0.96377265
590,677,0.98035586
568,671,0.9396568
548,667,0.9712916
530,664,0.97881854
512,664,0.97502124
495,661,0.961648
469,653,0.8993876
457,648,0.9837397
442,643,0.9698317
427,634,0.9702284
409,620,0.98708725
384,610,0.99030256
372,601,0.90431386
351,591,0.9940555
342,583,0.99358934
327,576,0.98783624
313,564,0.98652154
307,550,0.9772062
304,532,0.9963237
302,515,0.99256843
